2022-03-14 22:28:11.800  INFO 28504 --- [main] com.hrm.system.SystemApplication         : Starting SystemApplication using Java 1.8.0_231 on LAPTOP-QBA04265 with PID 28504 (D:\HRM-Managent\hrm-parent\hrm-system\target\classes started by 17314 in D:\HRM-Managent\hrm-parent)
2022-03-14 22:28:11.802  INFO 28504 --- [main] com.hrm.system.SystemApplication         : No active profile set, falling back to 1 default profile: "default"
2022-03-14 22:28:12.522  INFO 28504 --- [main] .s.d.r.c.RepositoryConfigurationDelegate : Bootstrapping Spring Data JPA repositories in DEFAULT mode.
2022-03-14 22:28:12.589  INFO 28504 --- [main] .s.d.r.c.RepositoryConfigurationDelegate : Finished Spring Data repository scanning in 60 ms. Found 6 JPA repository interfaces.
2022-03-14 22:28:12.795  INFO 28504 --- [main] o.s.cloud.context.scope.GenericScope     : BeanFactory id=6bcaa7e1-6212-3c3a-b842-7dff069003a5
2022-03-14 22:28:12.904  INFO 28504 --- [main] trationDelegate$BeanPostProcessorChecker : Bean 'shiroConfigure' of type [com.hrm.system.config.ShiroConfigure$$EnhancerBySpringCGLIB$$2eac742b] is not eligible for getting processed by all BeanPostProcessors (for example: not eligible for auto-proxying)
2022-03-14 22:28:12.933  INFO 28504 --- [main] trationDelegate$BeanPostProcessorChecker : Bean 'systemApplication' of type [com.hrm.system.SystemApplication$$EnhancerBySpringCGLIB$$5af01feb] is not eligible for getting processed by all BeanPostProcessors (for example: not eligible for auto-proxying)
2022-03-14 22:28:13.352  INFO 28504 --- [main] trationDelegate$BeanPostProcessorChecker : Bean 'getIdWorker' of type [com.hrm.common.utils.IdWorker] is not eligible for getting processed by all BeanPostProcessors (for example: not eligible for auto-proxying)
2022-03-14 22:28:13.372  INFO 28504 --- [main] trationDelegate$BeanPostProcessorChecker : Bean '(inner bean)#364216' of type [org.springframework.beans.factory.config.PropertiesFactoryBean] is not eligible for getting processed by all BeanPostProcessors (for example: not eligible for auto-proxying)
2022-03-14 22:28:13.373  INFO 28504 --- [main] trationDelegate$BeanPostProcessorChecker : Bean '(inner bean)#364216' of type [java.util.Properties] is not eligible for getting processed by all BeanPostProcessors (for example: not eligible for auto-proxying)
2022-03-14 22:28:13.373  INFO 28504 --- [main] trationDelegate$BeanPostProcessorChecker : Bean '(inner bean)#1d5ac51' of type [org.springframework.data.repository.core.support.PropertiesBasedNamedQueries] is not eligible for getting processed by all BeanPostProcessors (for example: not eligible for auto-proxying)
2022-03-14 22:28:13.375  INFO 28504 --- [main] trationDelegate$BeanPostProcessorChecker : Bean '(inner bean)#1904469' of type [org.springframework.data.repository.core.support.RepositoryFragmentsFactoryBean] is not eligible for getting processed by all BeanPostProcessors (for example: not eligible for auto-proxying)
2022-03-14 22:28:13.375  INFO 28504 --- [main] trationDelegate$BeanPostProcessorChecker : Bean '(inner bean)#1904469' of type [org.springframework.data.repository.core.support.RepositoryComposition$RepositoryFragments] is not eligible for getting processed by all BeanPostProcessors (for example: not eligible for auto-proxying)
2022-03-14 22:28:13.378  INFO 28504 --- [main] trationDelegate$BeanPostProcessorChecker : Bean 'org.springframework.boot.autoconfigure.sql.init.DataSourceInitializationConfiguration' of type [org.springframework.boot.autoconfigure.sql.init.DataSourceInitializationConfiguration] is not eligible for getting processed by all BeanPostProcessors (for example: not eligible for auto-proxying)
2022-03-14 22:28:13.379  INFO 28504 --- [main] trationDelegate$BeanPostProcessorChecker : Bean 'org.springframework.boot.autoconfigure.jdbc.DataSourceConfiguration$Hikari' of type [org.springframework.boot.autoconfigure.jdbc.DataSourceConfiguration$Hikari] is not eligible for getting processed by all BeanPostProcessors (for example: not eligible for auto-proxying)
2022-03-14 22:28:13.384  INFO 28504 --- [main] trationDelegate$BeanPostProcessorChecker : Bean 'org.springframework.cloud.commons.config.CommonsConfigAutoConfiguration' of type [org.springframework.cloud.commons.config.CommonsConfigAutoConfiguration] is not eligible for getting processed by all BeanPostProcessors (for example: not eligible for auto-proxying)
2022-03-14 22:28:13.385  INFO 28504 --- [main] trationDelegate$BeanPostProcessorChecker : Bean 'org.springframework.cloud.client.loadbalancer.LoadBalancerDefaultMappingsProviderAutoConfiguration' of type [org.springframework.cloud.client.loadbalancer.LoadBalancerDefaultMappingsProviderAutoConfiguration] is not eligible for getting processed by all BeanPostProcessors (for example: not eligible for auto-proxying)
2022-03-14 22:28:13.385  INFO 28504 --- [main] trationDelegate$BeanPostProcessorChecker : Bean 'loadBalancerClientsDefaultsMappingsProvider' of type [org.springframework.cloud.client.loadbalancer.LoadBalancerDefaultMappingsProviderAutoConfiguration$$Lambda$457/10958551] is not eligible for getting processed by all BeanPostProcessors (for example: not eligible for auto-proxying)
2022-03-14 22:28:13.387  INFO 28504 --- [main] trationDelegate$BeanPostProcessorChecker : Bean 'defaultsBindHandlerAdvisor' of type [org.springframework.cloud.commons.config.DefaultsBindHandlerAdvisor] is not eligible for getting processed by all BeanPostProcessors (for example: not eligible for auto-proxying)
2022-03-14 22:28:13.397  INFO 28504 --- [main] trationDelegate$BeanPostProcessorChecker : Bean 'spring.datasource-org.springframework.boot.autoconfigure.jdbc.DataSourceProperties' of type [org.springframework.boot.autoconfigure.jdbc.DataSourceProperties] is not eligible for getting processed by all BeanPostProcessors (for example: not eligible for auto-proxying)
2022-03-14 22:28:13.409  INFO 28504 --- [main] trationDelegate$BeanPostProcessorChecker : Bean 'dataSource' of type [com.zaxxer.hikari.HikariDataSource] is not eligible for getting processed by all BeanPostProcessors (for example: not eligible for auto-proxying)
2022-03-14 22:28:13.414  INFO 28504 --- [main] trationDelegate$BeanPostProcessorChecker : Bean 'spring.sql.init-org.springframework.boot.autoconfigure.sql.init.SqlInitializationProperties' of type [org.springframework.boot.autoconfigure.sql.init.SqlInitializationProperties] is not eligible for getting processed by all BeanPostProcessors (for example: not eligible for auto-proxying)
2022-03-14 22:28:13.420  INFO 28504 --- [main] trationDelegate$BeanPostProcessorChecker : Bean 'dataSourceScriptDatabaseInitializer' of type [org.springframework.boot.autoconfigure.sql.init.SqlDataSourceScriptDatabaseInitializer] is not eligible for getting processed by all BeanPostProcessors (for example: not eligible for auto-proxying)
2022-03-14 22:28:13.424  INFO 28504 --- [main] trationDelegate$BeanPostProcessorChecker : Bean 'spring.jpa-org.springframework.boot.autoconfigure.orm.jpa.JpaProperties' of type [org.springframework.boot.autoconfigure.orm.jpa.JpaProperties] is not eligible for getting processed by all BeanPostProcessors (for example: not eligible for auto-proxying)
2022-03-14 22:28:13.426  INFO 28504 --- [main] trationDelegate$BeanPostProcessorChecker : Bean 'spring.jpa.hibernate-org.springframework.boot.autoconfigure.orm.jpa.HibernateProperties' of type [org.springframework.boot.autoconfigure.orm.jpa.HibernateProperties] is not eligible for getting processed by all BeanPostProcessors (for example: not eligible for auto-proxying)
2022-03-14 22:28:13.428  INFO 28504 --- [main] trationDelegate$BeanPostProcessorChecker : Bean 'org.springframework.boot.autoconfigure.jdbc.metadata.DataSourcePoolMetadataProvidersConfiguration$HikariPoolDataSourceMetadataProviderConfiguration' of type [org.springframework.boot.autoconfigure.jdbc.metadata.DataSourcePoolMetadataProvidersConfiguration$HikariPoolDataSourceMetadataProviderConfiguration] is not eligible for getting processed by all BeanPostProcessors (for example: not eligible for auto-proxying)
2022-03-14 22:28:13.428  INFO 28504 --- [main] trationDelegate$BeanPostProcessorChecker : Bean 'hikariPoolDataSourceMetadataProvider' of type [org.springframework.boot.autoconfigure.jdbc.metadata.DataSourcePoolMetadataProvidersConfiguration$HikariPoolDataSourceMetadataProviderConfiguration$$Lambda$469/31110924] is not eligible for getting processed by all BeanPostProcessors (for example: not eligible for auto-proxying)
2022-03-14 22:28:13.431  INFO 28504 --- [main] trationDelegate$BeanPostProcessorChecker : Bean 'org.springframework.boot.autoconfigure.orm.jpa.HibernateJpaConfiguration' of type [org.springframework.boot.autoconfigure.orm.jpa.HibernateJpaConfiguration] is not eligible for getting processed by all BeanPostProcessors (for example: not eligible for auto-proxying)
2022-03-14 22:28:13.479  INFO 28504 --- [main] trationDelegate$BeanPostProcessorChecker : Bean 'jpaVendorAdapter' of type [org.springframework.orm.jpa.vendor.HibernateJpaVendorAdapter] is not eligible for getting processed by all BeanPostProcessors (for example: not eligible for auto-proxying)
2022-03-14 22:28:13.484  INFO 28504 --- [main] trationDelegate$BeanPostProcessorChecker : Bean 'entityManagerFactoryBuilder' of type [org.springframework.boot.orm.jpa.EntityManagerFactoryBuilder] is not eligible for getting processed by all BeanPostProcessors (for example: not eligible for auto-proxying)
2022-03-14 22:28:13.489  INFO 28504 --- [main] com.zaxxer.hikari.HikariDataSource       : HikariPool-1 - Starting...
2022-03-14 22:28:14.064  INFO 28504 --- [main] com.zaxxer.hikari.HikariDataSource       : HikariPool-1 - Start completed.
2022-03-14 22:28:14.096  INFO 28504 --- [main] o.hibernate.jpa.internal.util.LogHelper  : HHH000204: Processing PersistenceUnitInfo [name: default]
2022-03-14 22:28:14.132  INFO 28504 --- [main] org.hibernate.Version                    : HHH000412: Hibernate ORM core version 5.6.5.Final
2022-03-14 22:28:14.239  INFO 28504 --- [main] o.hibernate.annotations.common.Version   : HCANN000001: Hibernate Commons Annotations {5.1.2.Final}
2022-03-14 22:28:14.363  INFO 28504 --- [main] org.hibernate.dialect.Dialect            : HHH000400: Using dialect: org.hibernate.dialect.MySQL57Dialect
2022-03-14 22:28:14.819  INFO 28504 --- [main] o.h.e.t.j.p.i.JtaPlatformInitiator       : HHH000490: Using JtaPlatform implementation: [org.hibernate.engine.transaction.jta.platform.internal.NoJtaPlatform]
2022-03-14 22:28:14.826  INFO 28504 --- [main] j.LocalContainerEntityManagerFactoryBean : Initialized JPA EntityManagerFactory for persistence unit 'default'
2022-03-14 22:28:14.829  INFO 28504 --- [main] trationDelegate$BeanPostProcessorChecker : Bean 'entityManagerFactory' of type [org.springframework.orm.jpa.LocalContainerEntityManagerFactoryBean] is not eligible for getting processed by all BeanPostProcessors (for example: not eligible for auto-proxying)
2022-03-14 22:28:14.829  INFO 28504 --- [main] trationDelegate$BeanPostProcessorChecker : Bean 'entityManagerFactory' of type [com.sun.proxy.$Proxy126] is not eligible for getting processed by all BeanPostProcessors (for example: not eligible for auto-proxying)
2022-03-14 22:28:14.850  INFO 28504 --- [main] trationDelegate$BeanPostProcessorChecker : Bean '(inner bean)#1ba4e06' of type [com.sun.proxy.$Proxy127] is not eligible for getting processed by all BeanPostProcessors (for example: not eligible for auto-proxying)
2022-03-14 22:28:14.860  INFO 28504 --- [main] trationDelegate$BeanPostProcessorChecker : Bean 'jpaMappingContext' of type [org.springframework.data.jpa.repository.config.JpaMetamodelMappingContextFactoryBean] is not eligible for getting processed by all BeanPostProcessors (for example: not eligible for auto-proxying)
2022-03-14 22:28:14.860  INFO 28504 --- [main] trationDelegate$BeanPostProcessorChecker : Bean 'jpaMappingContext' of type [org.springframework.data.jpa.mapping.JpaMetamodelMappingContext] is not eligible for getting processed by all BeanPostProcessors (for example: not eligible for auto-proxying)
2022-03-14 22:28:15.004  INFO 28504 --- [main] trationDelegate$BeanPostProcessorChecker : Bean 'roleDao' of type [org.springframework.data.jpa.repository.support.JpaRepositoryFactoryBean] is not eligible for getting processed by all BeanPostProcessors (for example: not eligible for auto-proxying)
2022-03-14 22:28:15.005  INFO 28504 --- [main] trationDelegate$BeanPostProcessorChecker : Bean 'roleDao' of type [com.sun.proxy.$Proxy130] is not eligible for getting processed by all BeanPostProcessors (for example: not eligible for auto-proxying)
2022-03-14 22:28:15.007  INFO 28504 --- [main] trationDelegate$BeanPostProcessorChecker : Bean '(inner bean)#140160e' of type [org.springframework.beans.factory.config.PropertiesFactoryBean] is not eligible for getting processed by all BeanPostProcessors (for example: not eligible for auto-proxying)
2022-03-14 22:28:15.008  INFO 28504 --- [main] trationDelegate$BeanPostProcessorChecker : Bean '(inner bean)#140160e' of type [java.util.Properties] is not eligible for getting processed by all BeanPostProcessors (for example: not eligible for auto-proxying)
2022-03-14 22:28:15.008  INFO 28504 --- [main] trationDelegate$BeanPostProcessorChecker : Bean '(inner bean)#15798c2' of type [org.springframework.data.repository.core.support.PropertiesBasedNamedQueries] is not eligible for getting processed by all BeanPostProcessors (for example: not eligible for auto-proxying)
2022-03-14 22:28:15.008  INFO 28504 --- [main] trationDelegate$BeanPostProcessorChecker : Bean '(inner bean)#1ab4859' of type [org.springframework.data.repository.core.support.RepositoryFragmentsFactoryBean] is not eligible for getting processed by all BeanPostProcessors (for example: not eligible for auto-proxying)
2022-03-14 22:28:15.008  INFO 28504 --- [main] trationDelegate$BeanPostProcessorChecker : Bean '(inner bean)#1ab4859' of type [org.springframework.data.repository.core.support.RepositoryComposition$RepositoryFragments] is not eligible for getting processed by all BeanPostProcessors (for example: not eligible for auto-proxying)
2022-03-14 22:28:15.009  INFO 28504 --- [main] trationDelegate$BeanPostProcessorChecker : Bean '(inner bean)#1fa3893' of type [com.sun.proxy.$Proxy127] is not eligible for getting processed by all BeanPostProcessors (for example: not eligible for auto-proxying)
2022-03-14 22:28:15.093  INFO 28504 --- [main] trationDelegate$BeanPostProcessorChecker : Bean 'userDao' of type [org.springframework.data.jpa.repository.support.JpaRepositoryFactoryBean] is not eligible for getting processed by all BeanPostProcessors (for example: not eligible for auto-proxying)
2022-03-14 22:28:15.094  INFO 28504 --- [main] trationDelegate$BeanPostProcessorChecker : Bean 'userDao' of type [com.sun.proxy.$Proxy134] is not eligible for getting processed by all BeanPostProcessors (for example: not eligible for auto-proxying)
2022-03-14 22:28:15.094  INFO 28504 --- [main] trationDelegate$BeanPostProcessorChecker : Bean 'userServiceImpl' of type [com.hrm.system.service.impl.UserServiceImpl] is not eligible for getting processed by all BeanPostProcessors (for example: not eligible for auto-proxying)
2022-03-14 22:28:15.100  INFO 28504 --- [main] trationDelegate$BeanPostProcessorChecker : Bean '(inner bean)#18fbaf0' of type [org.springframework.beans.factory.config.PropertiesFactoryBean] is not eligible for getting processed by all BeanPostProcessors (for example: not eligible for auto-proxying)
2022-03-14 22:28:15.100  INFO 28504 --- [main] trationDelegate$BeanPostProcessorChecker : Bean '(inner bean)#18fbaf0' of type [java.util.Properties] is not eligible for getting processed by all BeanPostProcessors (for example: not eligible for auto-proxying)
2022-03-14 22:28:15.100  INFO 28504 --- [main] trationDelegate$BeanPostProcessorChecker : Bean '(inner bean)#10a8b6e' of type [org.springframework.data.repository.core.support.PropertiesBasedNamedQueries] is not eligible for getting processed by all BeanPostProcessors (for example: not eligible for auto-proxying)
2022-03-14 22:28:15.100  INFO 28504 --- [main] trationDelegate$BeanPostProcessorChecker : Bean '(inner bean)#10b4364' of type [org.springframework.data.repository.core.support.RepositoryFragmentsFactoryBean] is not eligible for getting processed by all BeanPostProcessors (for example: not eligible for auto-proxying)
2022-03-14 22:28:15.101  INFO 28504 --- [main] trationDelegate$BeanPostProcessorChecker : Bean '(inner bean)#10b4364' of type [org.springframework.data.repository.core.support.RepositoryComposition$RepositoryFragments] is not eligible for getting processed by all BeanPostProcessors (for example: not eligible for auto-proxying)
2022-03-14 22:28:15.101  INFO 28504 --- [main] trationDelegate$BeanPostProcessorChecker : Bean '(inner bean)#ce75ec' of type [com.sun.proxy.$Proxy127] is not eligible for getting processed by all BeanPostProcessors (for example: not eligible for auto-proxying)
2022-03-14 22:28:15.123  INFO 28504 --- [main] trationDelegate$BeanPostProcessorChecker : Bean 'permissionDao' of type [org.springframework.data.jpa.repository.support.JpaRepositoryFactoryBean] is not eligible for getting processed by all BeanPostProcessors (for example: not eligible for auto-proxying)
2022-03-14 22:28:15.123  INFO 28504 --- [main] trationDelegate$BeanPostProcessorChecker : Bean 'permissionDao' of type [com.sun.proxy.$Proxy135] is not eligible for getting processed by all BeanPostProcessors (for example: not eligible for auto-proxying)
2022-03-14 22:28:15.126  INFO 28504 --- [main] trationDelegate$BeanPostProcessorChecker : Bean '(inner bean)#1b7c350' of type [org.springframework.beans.factory.config.PropertiesFactoryBean] is not eligible for getting processed by all BeanPostProcessors (for example: not eligible for auto-proxying)
2022-03-14 22:28:15.126  INFO 28504 --- [main] trationDelegate$BeanPostProcessorChecker : Bean '(inner bean)#1b7c350' of type [java.util.Properties] is not eligible for getting processed by all BeanPostProcessors (for example: not eligible for auto-proxying)
2022-03-14 22:28:15.127  INFO 28504 --- [main] trationDelegate$BeanPostProcessorChecker : Bean '(inner bean)#171746' of type [org.springframework.data.repository.core.support.PropertiesBasedNamedQueries] is not eligible for getting processed by all BeanPostProcessors (for example: not eligible for auto-proxying)
2022-03-14 22:28:15.127  INFO 28504 --- [main] trationDelegate$BeanPostProcessorChecker : Bean '(inner bean)#1b48970' of type [org.springframework.data.repository.core.support.RepositoryFragmentsFactoryBean] is not eligible for getting processed by all BeanPostProcessors (for example: not eligible for auto-proxying)
2022-03-14 22:28:15.127  INFO 28504 --- [main] trationDelegate$BeanPostProcessorChecker : Bean '(inner bean)#1b48970' of type [org.springframework.data.repository.core.support.RepositoryComposition$RepositoryFragments] is not eligible for getting processed by all BeanPostProcessors (for example: not eligible for auto-proxying)
2022-03-14 22:28:15.128  INFO 28504 --- [main] trationDelegate$BeanPostProcessorChecker : Bean '(inner bean)#73487b' of type [com.sun.proxy.$Proxy127] is not eligible for getting processed by all BeanPostProcessors (for example: not eligible for auto-proxying)
2022-03-14 22:28:15.144  INFO 28504 --- [main] trationDelegate$BeanPostProcessorChecker : Bean 'permissionPointDao' of type [org.springframework.data.jpa.repository.support.JpaRepositoryFactoryBean] is not eligible for getting processed by all BeanPostProcessors (for example: not eligible for auto-proxying)
2022-03-14 22:28:15.144  INFO 28504 --- [main] trationDelegate$BeanPostProcessorChecker : Bean 'permissionPointDao' of type [com.sun.proxy.$Proxy136] is not eligible for getting processed by all BeanPostProcessors (for example: not eligible for auto-proxying)
2022-03-14 22:28:15.146  INFO 28504 --- [main] trationDelegate$BeanPostProcessorChecker : Bean '(inner bean)#94bd18' of type [org.springframework.beans.factory.config.PropertiesFactoryBean] is not eligible for getting processed by all BeanPostProcessors (for example: not eligible for auto-proxying)
2022-03-14 22:28:15.146  INFO 28504 --- [main] trationDelegate$BeanPostProcessorChecker : Bean '(inner bean)#94bd18' of type [java.util.Properties] is not eligible for getting processed by all BeanPostProcessors (for example: not eligible for auto-proxying)
2022-03-14 22:28:15.146  INFO 28504 --- [main] trationDelegate$BeanPostProcessorChecker : Bean '(inner bean)#4714ef' of type [org.springframework.data.repository.core.support.PropertiesBasedNamedQueries] is not eligible for getting processed by all BeanPostProcessors (for example: not eligible for auto-proxying)
2022-03-14 22:28:15.147  INFO 28504 --- [main] trationDelegate$BeanPostProcessorChecker : Bean '(inner bean)#18e3942' of type [org.springframework.data.repository.core.support.RepositoryFragmentsFactoryBean] is not eligible for getting processed by all BeanPostProcessors (for example: not eligible for auto-proxying)
2022-03-14 22:28:15.147  INFO 28504 --- [main] trationDelegate$BeanPostProcessorChecker : Bean '(inner bean)#18e3942' of type [org.springframework.data.repository.core.support.RepositoryComposition$RepositoryFragments] is not eligible for getting processed by all BeanPostProcessors (for example: not eligible for auto-proxying)
2022-03-14 22:28:15.148  INFO 28504 --- [main] trationDelegate$BeanPostProcessorChecker : Bean '(inner bean)#1c9881' of type [com.sun.proxy.$Proxy127] is not eligible for getting processed by all BeanPostProcessors (for example: not eligible for auto-proxying)
2022-03-14 22:28:15.166  INFO 28504 --- [main] trationDelegate$BeanPostProcessorChecker : Bean 'permissionMenuDao' of type [org.springframework.data.jpa.repository.support.JpaRepositoryFactoryBean] is not eligible for getting processed by all BeanPostProcessors (for example: not eligible for auto-proxying)
2022-03-14 22:28:15.167  INFO 28504 --- [main] trationDelegate$BeanPostProcessorChecker : Bean 'permissionMenuDao' of type [com.sun.proxy.$Proxy137] is not eligible for getting processed by all BeanPostProcessors (for example: not eligible for auto-proxying)
2022-03-14 22:28:15.169  INFO 28504 --- [main] trationDelegate$BeanPostProcessorChecker : Bean '(inner bean)#faaf77' of type [org.springframework.beans.factory.config.PropertiesFactoryBean] is not eligible for getting processed by all BeanPostProcessors (for example: not eligible for auto-proxying)
2022-03-14 22:28:15.169  INFO 28504 --- [main] trationDelegate$BeanPostProcessorChecker : Bean '(inner bean)#faaf77' of type [java.util.Properties] is not eligible for getting processed by all BeanPostProcessors (for example: not eligible for auto-proxying)
2022-03-14 22:28:15.169  INFO 28504 --- [main] trationDelegate$BeanPostProcessorChecker : Bean '(inner bean)#aefae0' of type [org.springframework.data.repository.core.support.PropertiesBasedNamedQueries] is not eligible for getting processed by all BeanPostProcessors (for example: not eligible for auto-proxying)
2022-03-14 22:28:15.169  INFO 28504 --- [main] trationDelegate$BeanPostProcessorChecker : Bean '(inner bean)#153e876' of type [org.springframework.data.repository.core.support.RepositoryFragmentsFactoryBean] is not eligible for getting processed by all BeanPostProcessors (for example: not eligible for auto-proxying)
2022-03-14 22:28:15.170  INFO 28504 --- [main] trationDelegate$BeanPostProcessorChecker : Bean '(inner bean)#153e876' of type [org.springframework.data.repository.core.support.RepositoryComposition$RepositoryFragments] is not eligible for getting processed by all BeanPostProcessors (for example: not eligible for auto-proxying)
2022-03-14 22:28:15.170  INFO 28504 --- [main] trationDelegate$BeanPostProcessorChecker : Bean '(inner bean)#14cb26b' of type [com.sun.proxy.$Proxy127] is not eligible for getting processed by all BeanPostProcessors (for example: not eligible for auto-proxying)
2022-03-14 22:28:15.186  INFO 28504 --- [main] trationDelegate$BeanPostProcessorChecker : Bean 'permissionApiDao' of type [org.springframework.data.jpa.repository.support.JpaRepositoryFactoryBean] is not eligible for getting processed by all BeanPostProcessors (for example: not eligible for auto-proxying)
2022-03-14 22:28:15.187  INFO 28504 --- [main] trationDelegate$BeanPostProcessorChecker : Bean 'permissionApiDao' of type [com.sun.proxy.$Proxy138] is not eligible for getting processed by all BeanPostProcessors (for example: not eligible for auto-proxying)
2022-03-14 22:28:15.187  INFO 28504 --- [main] trationDelegate$BeanPostProcessorChecker : Bean 'permissionServiceImpl' of type [com.hrm.system.service.impl.PermissionServiceImpl] is not eligible for getting processed by all BeanPostProcessors (for example: not eligible for auto-proxying)
2022-03-14 22:28:15.201  INFO 28504 --- [main] trationDelegate$BeanPostProcessorChecker : Bean 'getRealm' of type [com.hrm.system.shiro.realm.UserRealm] is not eligible for getting processed by all BeanPostProcessors (for example: not eligible for auto-proxying)
2022-03-14 22:28:15.221  INFO 28504 --- [main] trationDelegate$BeanPostProcessorChecker : Bean 'getSecurityManager' of type [org.apache.shiro.web.mgt.DefaultWebSecurityManager] is not eligible for getting processed by all BeanPostProcessors (for example: not eligible for auto-proxying)
2022-03-14 22:28:15.227  INFO 28504 --- [main] trationDelegate$BeanPostProcessorChecker : Bean 'authorizationAttributeSourceAdvisor' of type [org.apache.shiro.spring.security.interceptor.AuthorizationAttributeSourceAdvisor] is not eligible for getting processed by all BeanPostProcessors (for example: not eligible for auto-proxying)
2022-03-14 22:28:15.400  INFO 28504 --- [main] o.s.b.w.embedded.tomcat.TomcatWebServer  : Tomcat initialized with port(s): 9002 (http)
2022-03-14 22:28:15.411  INFO 28504 --- [main] o.apache.catalina.core.StandardService   : Starting service [Tomcat]
2022-03-14 22:28:15.412  INFO 28504 --- [main] org.apache.catalina.core.StandardEngine  : Starting Servlet engine: [Apache Tomcat/9.0.58]
2022-03-14 22:28:15.538  INFO 28504 --- [main] o.a.c.c.C.[Tomcat].[localhost].[/]       : Initializing Spring embedded WebApplicationContext
2022-03-14 22:28:15.539  INFO 28504 --- [main] w.s.c.ServletWebServerApplicationContext : Root WebApplicationContext: initialization completed in 3678 ms
2022-03-14 22:28:15.847  INFO 28504 --- [main] pertySourcedRequestMappingHandlerMapping : Mapped URL path [/v2/api-docs] onto method [springfox.documentation.swagger2.web.Swagger2Controller#getDocumentation(String, HttpServletRequest)]
2022-03-14 22:28:16.678  INFO 28504 --- [main] DiscoveryClientOptionalArgsConfiguration : Eureka HTTP Client uses RestTemplate.
2022-03-14 22:28:17.317  WARN 28504 --- [main] iguration$LoadBalancerCaffeineWarnLogger : Spring Cloud LoadBalancer is currently working with the default cache. While this cache implementation is useful for development and tests, it's recommended to use Caffeine cache in production.You can switch to using Caffeine cache, by adding it and org.springframework.cache.caffeine.CaffeineCacheManager to the classpath.
2022-03-14 22:28:17.373  INFO 28504 --- [main] o.s.c.n.eureka.InstanceInfoFactory       : Setting initial instance status as: STARTING
2022-03-14 22:28:17.390  INFO 28504 --- [main] com.netflix.discovery.DiscoveryClient    : Initializing Eureka in region us-east-1
2022-03-14 22:28:17.393  INFO 28504 --- [main] c.n.d.s.r.aws.ConfigClusterResolver      : Resolving eureka endpoints via configuration
2022-03-14 22:28:17.405  INFO 28504 --- [main] com.netflix.discovery.DiscoveryClient    : Disable delta property : false
2022-03-14 22:28:17.405  INFO 28504 --- [main] com.netflix.discovery.DiscoveryClient    : Single vip registry refresh property : null
2022-03-14 22:28:17.405  INFO 28504 --- [main] com.netflix.discovery.DiscoveryClient    : Force full registry fetch : false
2022-03-14 22:28:17.405  INFO 28504 --- [main] com.netflix.discovery.DiscoveryClient    : Application is null : false
2022-03-14 22:28:17.406  INFO 28504 --- [main] com.netflix.discovery.DiscoveryClient    : Registered Applications size is zero : true
2022-03-14 22:28:17.406  INFO 28504 --- [main] com.netflix.discovery.DiscoveryClient    : Application version is -1: true
2022-03-14 22:28:17.406  INFO 28504 --- [main] com.netflix.discovery.DiscoveryClient    : Getting all instance registry info from the eureka server
2022-03-14 22:28:17.667  INFO 28504 --- [main] com.netflix.discovery.DiscoveryClient    : The response status is 200
2022-03-14 22:28:17.669  INFO 28504 --- [main] com.netflix.discovery.DiscoveryClient    : Starting heartbeat executor: renew interval is: 30
2022-03-14 22:28:17.671  INFO 28504 --- [main] c.n.discovery.InstanceInfoReplicator     : InstanceInfoReplicator onDemand update allowed rate per min is 4
2022-03-14 22:28:17.674  INFO 28504 --- [main] com.netflix.discovery.DiscoveryClient    : Discovery Client initialized at timestamp 1647268097673 with initial instances count: 1
2022-03-14 22:28:17.677  INFO 28504 --- [main] o.s.c.n.e.s.EurekaServiceRegistry        : Registering application HRM-SYSTEM with eureka with status UP
2022-03-14 22:28:17.677  INFO 28504 --- [main] com.netflix.discovery.DiscoveryClient    : Saw local status change event StatusChangeEvent [timestamp=1647268097677, current=UP, previous=STARTING]
2022-03-14 22:28:17.678  INFO 28504 --- [DiscoveryClient-InstanceInfoReplicator-0] com.netflix.discovery.DiscoveryClient    : DiscoveryClient_HRM-SYSTEM/LAPTOP-QBA04265:hrm-system:9002: registering service...
2022-03-14 22:28:17.694  INFO 28504 --- [main] o.s.b.w.embedded.tomcat.TomcatWebServer  : Tomcat started on port(s): 9002 (http) with context path ''
2022-03-14 22:28:17.695  INFO 28504 --- [main] .s.c.n.e.s.EurekaAutoServiceRegistration : Updating port to 9002
2022-03-14 22:28:17.709  INFO 28504 --- [DiscoveryClient-InstanceInfoReplicator-0] com.netflix.discovery.DiscoveryClient    : DiscoveryClient_HRM-SYSTEM/LAPTOP-QBA04265:hrm-system:9002 - registration status: 204
2022-03-14 22:28:18.297  INFO 28504 --- [main] d.s.w.p.DocumentationPluginsBootstrapper : Context refreshed
2022-03-14 22:28:18.315  INFO 28504 --- [main] d.s.w.p.DocumentationPluginsBootstrapper : Found 1 custom documentation plugin(s)
2022-03-14 22:28:18.345  INFO 28504 --- [main] s.d.s.w.s.ApiListingReferenceScanner     : Scanning for api listing references
2022-03-14 22:28:18.424  INFO 28504 --- [main] .d.s.w.r.o.CachingOperationNameGenerator : Generating unique operation named: deleteUsingDELETE_1
2022-03-14 22:28:18.425  INFO 28504 --- [main] .d.s.w.r.o.CachingOperationNameGenerator : Generating unique operation named: findAllUsingGET_1
2022-03-14 22:28:18.426  INFO 28504 --- [main] .d.s.w.r.o.CachingOperationNameGenerator : Generating unique operation named: findByIdUsingGET_1
2022-03-14 22:28:18.432  INFO 28504 --- [main] .d.s.w.r.o.CachingOperationNameGenerator : Generating unique operation named: saveUsingPOST_1
2022-03-14 22:28:18.433  INFO 28504 --- [main] .d.s.w.r.o.CachingOperationNameGenerator : Generating unique operation named: updateUsingPUT_1
2022-03-14 22:28:18.438  INFO 28504 --- [main] .d.s.w.r.o.CachingOperationNameGenerator : Generating unique operation named: deleteUsingDELETE_2
2022-03-14 22:28:18.439  INFO 28504 --- [main] .d.s.w.r.o.CachingOperationNameGenerator : Generating unique operation named: findAllUsingGET_2
2022-03-14 22:28:18.440  INFO 28504 --- [main] .d.s.w.r.o.CachingOperationNameGenerator : Generating unique operation named: findByIdUsingGET_2
2022-03-14 22:28:18.451  INFO 28504 --- [main] .d.s.w.r.o.CachingOperationNameGenerator : Generating unique operation named: saveUsingPOST_2
2022-03-14 22:28:18.453  INFO 28504 --- [main] .d.s.w.r.o.CachingOperationNameGenerator : Generating unique operation named: updateUsingPUT_2
2022-03-14 22:28:18.468  INFO 28504 --- [main] com.hrm.system.SystemApplication         : Started SystemApplication in 7.633 seconds (JVM running for 9.275)
2022-03-14 22:32:52.439  INFO 37940 --- [main] com.hrm.employee.EmployeeApplication     : Starting EmployeeApplication using Java 1.8.0_231 on LAPTOP-QBA04265 with PID 37940 (D:\HRM-Managent\hrm-parent\hrm-employee\target\classes started by 17314 in D:\HRM-Managent\hrm-parent)
2022-03-14 22:32:52.441  INFO 37940 --- [main] com.hrm.employee.EmployeeApplication     : No active profile set, falling back to 1 default profile: "default"
2022-03-14 22:32:53.157  INFO 37940 --- [main] .s.d.r.c.RepositoryConfigurationDelegate : Bootstrapping Spring Data JPA repositories in DEFAULT mode.
2022-03-14 22:32:53.239  INFO 37940 --- [main] .s.d.r.c.RepositoryConfigurationDelegate : Finished Spring Data repository scanning in 75 ms. Found 6 JPA repository interfaces.
2022-03-14 22:32:53.411  INFO 37940 --- [main] o.s.cloud.context.scope.GenericScope     : BeanFactory id=2d3f5952-944c-3f4b-81d7-7539e63e5de8
2022-03-14 22:32:53.534  INFO 37940 --- [main] trationDelegate$BeanPostProcessorChecker : Bean 'shiroConfigure' of type [com.hrm.employee.config.ShiroConfigure$$EnhancerBySpringCGLIB$$d5e44163] is not eligible for getting processed by all BeanPostProcessors (for example: not eligible for auto-proxying)
2022-03-14 22:32:53.547  INFO 37940 --- [main] trationDelegate$BeanPostProcessorChecker : Bean 'getRealm' of type [com.hrm.common.shiro.realm.HrmRealm] is not eligible for getting processed by all BeanPostProcessors (for example: not eligible for auto-proxying)
2022-03-14 22:32:53.985  INFO 37940 --- [main] trationDelegate$BeanPostProcessorChecker : Bean 'getSecurityManager' of type [org.apache.shiro.web.mgt.DefaultWebSecurityManager] is not eligible for getting processed by all BeanPostProcessors (for example: not eligible for auto-proxying)
2022-03-14 22:32:53.993  INFO 37940 --- [main] trationDelegate$BeanPostProcessorChecker : Bean 'authorizationAttributeSourceAdvisor' of type [org.apache.shiro.spring.security.interceptor.AuthorizationAttributeSourceAdvisor] is not eligible for getting processed by all BeanPostProcessors (for example: not eligible for auto-proxying)
2022-03-14 22:32:54.204  INFO 37940 --- [main] o.s.b.w.embedded.tomcat.TomcatWebServer  : Tomcat initialized with port(s): 9003 (http)
2022-03-14 22:32:54.214  INFO 37940 --- [main] o.apache.catalina.core.StandardService   : Starting service [Tomcat]
2022-03-14 22:32:54.214  INFO 37940 --- [main] org.apache.catalina.core.StandardEngine  : Starting Servlet engine: [Apache Tomcat/9.0.58]
2022-03-14 22:32:54.323  INFO 37940 --- [main] o.a.c.c.C.[Tomcat].[localhost].[/]       : Initializing Spring embedded WebApplicationContext
2022-03-14 22:32:54.323  INFO 37940 --- [main] w.s.c.ServletWebServerApplicationContext : Root WebApplicationContext: initialization completed in 1813 ms
2022-03-14 22:32:54.448  INFO 37940 --- [main] com.zaxxer.hikari.HikariDataSource       : HikariPool-1 - Starting...
2022-03-14 22:32:54.598  INFO 37940 --- [main] com.zaxxer.hikari.HikariDataSource       : HikariPool-1 - Start completed.
2022-03-14 22:32:54.671  INFO 37940 --- [main] o.hibernate.jpa.internal.util.LogHelper  : HHH000204: Processing PersistenceUnitInfo [name: default]
2022-03-14 22:32:54.704  INFO 37940 --- [main] org.hibernate.Version                    : HHH000412: Hibernate ORM core version 5.6.5.Final
2022-03-14 22:32:54.811  INFO 37940 --- [main] o.hibernate.annotations.common.Version   : HCANN000001: Hibernate Commons Annotations {5.1.2.Final}
2022-03-14 22:32:54.886  INFO 37940 --- [main] org.hibernate.dialect.Dialect            : HHH000400: Using dialect: org.hibernate.dialect.MySQL57Dialect
2022-03-14 22:32:55.326  INFO 37940 --- [main] o.h.e.t.j.p.i.JtaPlatformInitiator       : HHH000490: Using JtaPlatform implementation: [org.hibernate.engine.transaction.jta.platform.internal.NoJtaPlatform]
2022-03-14 22:32:55.333  INFO 37940 --- [main] j.LocalContainerEntityManagerFactoryBean : Initialized JPA EntityManagerFactory for persistence unit 'default'
2022-03-14 22:32:56.033  INFO 37940 --- [main] pertySourcedRequestMappingHandlerMapping : Mapped URL path [/v2/api-docs] onto method [springfox.documentation.swagger2.web.Swagger2Controller#getDocumentation(String, HttpServletRequest)]
2022-03-14 22:32:56.803  INFO 37940 --- [main] DiscoveryClientOptionalArgsConfiguration : Eureka HTTP Client uses RestTemplate.
2022-03-14 22:32:57.342  WARN 37940 --- [main] iguration$LoadBalancerCaffeineWarnLogger : Spring Cloud LoadBalancer is currently working with the default cache. While this cache implementation is useful for development and tests, it's recommended to use Caffeine cache in production.You can switch to using Caffeine cache, by adding it and org.springframework.cache.caffeine.CaffeineCacheManager to the classpath.
2022-03-14 22:32:57.400  INFO 37940 --- [main] o.s.c.n.eureka.InstanceInfoFactory       : Setting initial instance status as: STARTING
2022-03-14 22:32:57.418  INFO 37940 --- [main] com.netflix.discovery.DiscoveryClient    : Initializing Eureka in region us-east-1
2022-03-14 22:32:57.421  INFO 37940 --- [main] c.n.d.s.r.aws.ConfigClusterResolver      : Resolving eureka endpoints via configuration
2022-03-14 22:32:57.440  INFO 37940 --- [main] com.netflix.discovery.DiscoveryClient    : Disable delta property : false
2022-03-14 22:32:57.440  INFO 37940 --- [main] com.netflix.discovery.DiscoveryClient    : Single vip registry refresh property : null
2022-03-14 22:32:57.440  INFO 37940 --- [main] com.netflix.discovery.DiscoveryClient    : Force full registry fetch : false
2022-03-14 22:32:57.440  INFO 37940 --- [main] com.netflix.discovery.DiscoveryClient    : Application is null : false
2022-03-14 22:32:57.440  INFO 37940 --- [main] com.netflix.discovery.DiscoveryClient    : Registered Applications size is zero : true
2022-03-14 22:32:57.440  INFO 37940 --- [main] com.netflix.discovery.DiscoveryClient    : Application version is -1: true
2022-03-14 22:32:57.440  INFO 37940 --- [main] com.netflix.discovery.DiscoveryClient    : Getting all instance registry info from the eureka server
2022-03-14 22:32:57.689  INFO 37940 --- [main] com.netflix.discovery.DiscoveryClient    : The response status is 200
2022-03-14 22:32:57.691  INFO 37940 --- [main] com.netflix.discovery.DiscoveryClient    : Starting heartbeat executor: renew interval is: 30
2022-03-14 22:32:57.693  INFO 37940 --- [main] c.n.discovery.InstanceInfoReplicator     : InstanceInfoReplicator onDemand update allowed rate per min is 4
2022-03-14 22:32:57.696  INFO 37940 --- [main] com.netflix.discovery.DiscoveryClient    : Discovery Client initialized at timestamp 1647268377696 with initial instances count: 2
2022-03-14 22:32:57.699  INFO 37940 --- [main] o.s.c.n.e.s.EurekaServiceRegistry        : Registering application HRM-EMPLOYEE with eureka with status UP
2022-03-14 22:32:57.700  INFO 37940 --- [main] com.netflix.discovery.DiscoveryClient    : Saw local status change event StatusChangeEvent [timestamp=1647268377700, current=UP, previous=STARTING]
2022-03-14 22:32:57.701  INFO 37940 --- [DiscoveryClient-InstanceInfoReplicator-0] com.netflix.discovery.DiscoveryClient    : DiscoveryClient_HRM-EMPLOYEE/LAPTOP-QBA04265:hrm-employee:9003: registering service...
2022-03-14 22:32:57.715  INFO 37940 --- [main] o.s.b.w.embedded.tomcat.TomcatWebServer  : Tomcat started on port(s): 9003 (http) with context path ''
2022-03-14 22:32:57.716  INFO 37940 --- [main] .s.c.n.e.s.EurekaAutoServiceRegistration : Updating port to 9003
2022-03-14 22:32:57.729  INFO 37940 --- [DiscoveryClient-InstanceInfoReplicator-0] com.netflix.discovery.DiscoveryClient    : DiscoveryClient_HRM-EMPLOYEE/LAPTOP-QBA04265:hrm-employee:9003 - registration status: 204
2022-03-14 22:32:58.285  INFO 37940 --- [main] d.s.w.p.DocumentationPluginsBootstrapper : Context refreshed
2022-03-14 22:32:58.297  INFO 37940 --- [main] d.s.w.p.DocumentationPluginsBootstrapper : Found 1 custom documentation plugin(s)
2022-03-14 22:32:58.332  INFO 37940 --- [main] s.d.s.w.s.ApiListingReferenceScanner     : Scanning for api listing references
2022-03-14 22:32:58.440  INFO 37940 --- [main] com.hrm.employee.EmployeeApplication     : Started EmployeeApplication in 6.976 seconds (JVM running for 8.605)
2022-03-14 22:33:17.410  INFO 28504 --- [AsyncResolver-bootstrap-executor-0] c.n.d.s.r.aws.ConfigClusterResolver      : Resolving eureka endpoints via configuration
2022-03-14 22:37:57.445  INFO 37940 --- [AsyncResolver-bootstrap-executor-0] c.n.d.s.r.aws.ConfigClusterResolver      : Resolving eureka endpoints via configuration
2022-03-14 22:38:17.413  INFO 28504 --- [AsyncResolver-bootstrap-executor-0] c.n.d.s.r.aws.ConfigClusterResolver      : Resolving eureka endpoints via configuration
2022-03-14 22:42:57.449  INFO 37940 --- [AsyncResolver-bootstrap-executor-0] c.n.d.s.r.aws.ConfigClusterResolver      : Resolving eureka endpoints via configuration
2022-03-14 22:43:17.415  INFO 28504 --- [AsyncResolver-bootstrap-executor-0] c.n.d.s.r.aws.ConfigClusterResolver      : Resolving eureka endpoints via configuration
2022-03-14 22:47:57.460  INFO 37940 --- [AsyncResolver-bootstrap-executor-0] c.n.d.s.r.aws.ConfigClusterResolver      : Resolving eureka endpoints via configuration
2022-03-14 22:48:17.417  INFO 28504 --- [AsyncResolver-bootstrap-executor-0] c.n.d.s.r.aws.ConfigClusterResolver      : Resolving eureka endpoints via configuration
2022-03-14 22:52:57.462  INFO 37940 --- [AsyncResolver-bootstrap-executor-0] c.n.d.s.r.aws.ConfigClusterResolver      : Resolving eureka endpoints via configuration
2022-03-14 22:53:17.421  INFO 28504 --- [AsyncResolver-bootstrap-executor-0] c.n.d.s.r.aws.ConfigClusterResolver      : Resolving eureka endpoints via configuration
2022-03-14 22:57:57.465  INFO 37940 --- [AsyncResolver-bootstrap-executor-0] c.n.d.s.r.aws.ConfigClusterResolver      : Resolving eureka endpoints via configuration
2022-03-14 22:58:17.424  INFO 28504 --- [AsyncResolver-bootstrap-executor-0] c.n.d.s.r.aws.ConfigClusterResolver      : Resolving eureka endpoints via configuration
2022-03-14 23:03:24.741  INFO 46768 --- [main] com.hrm.employee.EmployeeApplication     : Starting EmployeeApplication using Java 1.8.0_231 on LAPTOP-QBA04265 with PID 46768 (D:\HRM-Managent\hrm-parent\hrm-employee\target\classes started by 17314 in D:\HRM-Managent\hrm-parent)
2022-03-14 23:03:24.741  INFO 46768 --- [main] com.hrm.employee.EmployeeApplication     : No active profile set, falling back to 1 default profile: "default"
2022-03-14 23:03:25.449  INFO 46768 --- [main] .s.d.r.c.RepositoryConfigurationDelegate : Bootstrapping Spring Data JPA repositories in DEFAULT mode.
2022-03-14 23:03:25.531  INFO 46768 --- [main] .s.d.r.c.RepositoryConfigurationDelegate : Finished Spring Data repository scanning in 73 ms. Found 6 JPA repository interfaces.
2022-03-14 23:03:25.710  INFO 46768 --- [main] o.s.cloud.context.scope.GenericScope     : BeanFactory id=2d3f5952-944c-3f4b-81d7-7539e63e5de8
2022-03-14 23:03:25.820  INFO 46768 --- [main] trationDelegate$BeanPostProcessorChecker : Bean 'shiroConfigure' of type [com.hrm.employee.config.ShiroConfigure$$EnhancerBySpringCGLIB$$68784c61] is not eligible for getting processed by all BeanPostProcessors (for example: not eligible for auto-proxying)
2022-03-14 23:03:25.835  INFO 46768 --- [main] trationDelegate$BeanPostProcessorChecker : Bean 'getRealm' of type [com.hrm.common.shiro.realm.HrmRealm] is not eligible for getting processed by all BeanPostProcessors (for example: not eligible for auto-proxying)
2022-03-14 23:03:26.226  INFO 46768 --- [main] trationDelegate$BeanPostProcessorChecker : Bean 'getSecurityManager' of type [org.apache.shiro.web.mgt.DefaultWebSecurityManager] is not eligible for getting processed by all BeanPostProcessors (for example: not eligible for auto-proxying)
2022-03-14 23:03:26.234  INFO 46768 --- [main] trationDelegate$BeanPostProcessorChecker : Bean 'authorizationAttributeSourceAdvisor' of type [org.apache.shiro.spring.security.interceptor.AuthorizationAttributeSourceAdvisor] is not eligible for getting processed by all BeanPostProcessors (for example: not eligible for auto-proxying)
2022-03-14 23:03:26.430  INFO 46768 --- [main] o.s.b.w.embedded.tomcat.TomcatWebServer  : Tomcat initialized with port(s): 9003 (http)
2022-03-14 23:03:26.438  INFO 46768 --- [main] o.apache.catalina.core.StandardService   : Starting service [Tomcat]
2022-03-14 23:03:26.438  INFO 46768 --- [main] org.apache.catalina.core.StandardEngine  : Starting Servlet engine: [Apache Tomcat/9.0.58]
2022-03-14 23:03:26.547  INFO 46768 --- [main] o.a.c.c.C.[Tomcat].[localhost].[/]       : Initializing Spring embedded WebApplicationContext
2022-03-14 23:03:26.547  INFO 46768 --- [main] w.s.c.ServletWebServerApplicationContext : Root WebApplicationContext: initialization completed in 1736 ms
2022-03-14 23:03:26.668  INFO 46768 --- [main] com.zaxxer.hikari.HikariDataSource       : HikariPool-1 - Starting...
2022-03-14 23:03:26.821  INFO 46768 --- [main] com.zaxxer.hikari.HikariDataSource       : HikariPool-1 - Start completed.
2022-03-14 23:03:26.891  INFO 46768 --- [main] o.hibernate.jpa.internal.util.LogHelper  : HHH000204: Processing PersistenceUnitInfo [name: default]
2022-03-14 23:03:26.930  INFO 46768 --- [main] org.hibernate.Version                    : HHH000412: Hibernate ORM core version 5.6.5.Final
2022-03-14 23:03:27.036  INFO 46768 --- [main] o.hibernate.annotations.common.Version   : HCANN000001: Hibernate Commons Annotations {5.1.2.Final}
2022-03-14 23:03:27.110  INFO 46768 --- [main] org.hibernate.dialect.Dialect            : HHH000400: Using dialect: org.hibernate.dialect.MySQL57Dialect
2022-03-14 23:03:27.560  INFO 46768 --- [main] o.h.e.t.j.p.i.JtaPlatformInitiator       : HHH000490: Using JtaPlatform implementation: [org.hibernate.engine.transaction.jta.platform.internal.NoJtaPlatform]
2022-03-14 23:03:27.568  INFO 46768 --- [main] j.LocalContainerEntityManagerFactoryBean : Initialized JPA EntityManagerFactory for persistence unit 'default'
2022-03-14 23:03:28.249  INFO 46768 --- [main] pertySourcedRequestMappingHandlerMapping : Mapped URL path [/v2/api-docs] onto method [springfox.documentation.swagger2.web.Swagger2Controller#getDocumentation(String, HttpServletRequest)]
2022-03-14 23:03:28.941  INFO 46768 --- [main] DiscoveryClientOptionalArgsConfiguration : Eureka HTTP Client uses RestTemplate.
2022-03-14 23:03:29.425  WARN 46768 --- [main] iguration$LoadBalancerCaffeineWarnLogger : Spring Cloud LoadBalancer is currently working with the default cache. While this cache implementation is useful for development and tests, it's recommended to use Caffeine cache in production.You can switch to using Caffeine cache, by adding it and org.springframework.cache.caffeine.CaffeineCacheManager to the classpath.
2022-03-14 23:03:29.476  INFO 46768 --- [main] o.s.c.n.eureka.InstanceInfoFactory       : Setting initial instance status as: STARTING
2022-03-14 23:03:29.500  INFO 46768 --- [main] com.netflix.discovery.DiscoveryClient    : Initializing Eureka in region us-east-1
2022-03-14 23:03:29.503  INFO 46768 --- [main] c.n.d.s.r.aws.ConfigClusterResolver      : Resolving eureka endpoints via configuration
2022-03-14 23:03:29.515  INFO 46768 --- [main] com.netflix.discovery.DiscoveryClient    : Disable delta property : false
2022-03-14 23:03:29.515  INFO 46768 --- [main] com.netflix.discovery.DiscoveryClient    : Single vip registry refresh property : null
2022-03-14 23:03:29.515  INFO 46768 --- [main] com.netflix.discovery.DiscoveryClient    : Force full registry fetch : false
2022-03-14 23:03:29.515  INFO 46768 --- [main] com.netflix.discovery.DiscoveryClient    : Application is null : false
2022-03-14 23:03:29.515  INFO 46768 --- [main] com.netflix.discovery.DiscoveryClient    : Registered Applications size is zero : true
2022-03-14 23:03:29.515  INFO 46768 --- [main] com.netflix.discovery.DiscoveryClient    : Application version is -1: true
2022-03-14 23:03:29.515  INFO 46768 --- [main] com.netflix.discovery.DiscoveryClient    : Getting all instance registry info from the eureka server
2022-03-14 23:03:29.765  INFO 46768 --- [main] com.netflix.discovery.DiscoveryClient    : The response status is 200
2022-03-14 23:03:29.769  INFO 46768 --- [main] com.netflix.discovery.DiscoveryClient    : Starting heartbeat executor: renew interval is: 30
2022-03-14 23:03:29.769  INFO 46768 --- [main] c.n.discovery.InstanceInfoReplicator     : InstanceInfoReplicator onDemand update allowed rate per min is 4
2022-03-14 23:03:29.773  INFO 46768 --- [main] com.netflix.discovery.DiscoveryClient    : Discovery Client initialized at timestamp 1647270209773 with initial instances count: 1
2022-03-14 23:03:29.773  INFO 46768 --- [main] o.s.c.n.e.s.EurekaServiceRegistry        : Registering application HRM-EMPLOYEE with eureka with status UP
2022-03-14 23:03:29.777  INFO 46768 --- [main] com.netflix.discovery.DiscoveryClient    : Saw local status change event StatusChangeEvent [timestamp=1647270209777, current=UP, previous=STARTING]
2022-03-14 23:03:29.777  INFO 46768 --- [DiscoveryClient-InstanceInfoReplicator-0] com.netflix.discovery.DiscoveryClient    : DiscoveryClient_HRM-EMPLOYEE/LAPTOP-QBA04265:hrm-employee:9003: registering service...
2022-03-14 23:03:29.793  INFO 46768 --- [main] o.s.b.w.embedded.tomcat.TomcatWebServer  : Tomcat started on port(s): 9003 (http) with context path ''
2022-03-14 23:03:29.793  INFO 46768 --- [main] .s.c.n.e.s.EurekaAutoServiceRegistration : Updating port to 9003
2022-03-14 23:03:29.812  INFO 46768 --- [DiscoveryClient-InstanceInfoReplicator-0] com.netflix.discovery.DiscoveryClient    : DiscoveryClient_HRM-EMPLOYEE/LAPTOP-QBA04265:hrm-employee:9003 - registration status: 204
2022-03-14 23:03:30.203  INFO 46768 --- [main] d.s.w.p.DocumentationPluginsBootstrapper : Context refreshed
2022-03-14 23:03:30.214  INFO 46768 --- [main] d.s.w.p.DocumentationPluginsBootstrapper : Found 1 custom documentation plugin(s)
2022-03-14 23:03:30.250  INFO 46768 --- [main] s.d.s.w.s.ApiListingReferenceScanner     : Scanning for api listing references
2022-03-14 23:03:30.355  INFO 46768 --- [main] com.hrm.employee.EmployeeApplication     : Started EmployeeApplication in 6.486 seconds (JVM running for 7.413)
2022-03-14 23:03:53.013  INFO 64104 --- [main] com.hrm.system.SystemApplication         : Starting SystemApplication using Java 1.8.0_231 on LAPTOP-QBA04265 with PID 64104 (D:\HRM-Managent\hrm-parent\hrm-system\target\classes started by 17314 in D:\HRM-Managent\hrm-parent)
2022-03-14 23:03:53.013  INFO 64104 --- [main] com.hrm.system.SystemApplication         : No active profile set, falling back to 1 default profile: "default"
2022-03-14 23:03:53.744  INFO 64104 --- [main] .s.d.r.c.RepositoryConfigurationDelegate : Bootstrapping Spring Data JPA repositories in DEFAULT mode.
2022-03-14 23:03:53.834  INFO 64104 --- [main] .s.d.r.c.RepositoryConfigurationDelegate : Finished Spring Data repository scanning in 78 ms. Found 6 JPA repository interfaces.
2022-03-14 23:03:54.013  INFO 64104 --- [main] o.s.cloud.context.scope.GenericScope     : BeanFactory id=6bcaa7e1-6212-3c3a-b842-7dff069003a5
2022-03-14 23:03:54.119  INFO 64104 --- [main] trationDelegate$BeanPostProcessorChecker : Bean 'shiroConfigure' of type [com.hrm.system.config.ShiroConfigure$$EnhancerBySpringCGLIB$$2eac742b] is not eligible for getting processed by all BeanPostProcessors (for example: not eligible for auto-proxying)
2022-03-14 23:03:54.142  INFO 64104 --- [main] trationDelegate$BeanPostProcessorChecker : Bean 'systemApplication' of type [com.hrm.system.SystemApplication$$EnhancerBySpringCGLIB$$5af01feb] is not eligible for getting processed by all BeanPostProcessors (for example: not eligible for auto-proxying)
2022-03-14 23:03:54.420  INFO 64104 --- [main] trationDelegate$BeanPostProcessorChecker : Bean 'getIdWorker' of type [com.hrm.common.utils.IdWorker] is not eligible for getting processed by all BeanPostProcessors (for example: not eligible for auto-proxying)
2022-03-14 23:03:54.439  INFO 64104 --- [main] trationDelegate$BeanPostProcessorChecker : Bean '(inner bean)#364216' of type [org.springframework.beans.factory.config.PropertiesFactoryBean] is not eligible for getting processed by all BeanPostProcessors (for example: not eligible for auto-proxying)
2022-03-14 23:03:54.439  INFO 64104 --- [main] trationDelegate$BeanPostProcessorChecker : Bean '(inner bean)#364216' of type [java.util.Properties] is not eligible for getting processed by all BeanPostProcessors (for example: not eligible for auto-proxying)
2022-03-14 23:03:54.439  INFO 64104 --- [main] trationDelegate$BeanPostProcessorChecker : Bean '(inner bean)#1d5ac51' of type [org.springframework.data.repository.core.support.PropertiesBasedNamedQueries] is not eligible for getting processed by all BeanPostProcessors (for example: not eligible for auto-proxying)
2022-03-14 23:03:54.439  INFO 64104 --- [main] trationDelegate$BeanPostProcessorChecker : Bean '(inner bean)#1904469' of type [org.springframework.data.repository.core.support.RepositoryFragmentsFactoryBean] is not eligible for getting processed by all BeanPostProcessors (for example: not eligible for auto-proxying)
2022-03-14 23:03:54.439  INFO 64104 --- [main] trationDelegate$BeanPostProcessorChecker : Bean '(inner bean)#1904469' of type [org.springframework.data.repository.core.support.RepositoryComposition$RepositoryFragments] is not eligible for getting processed by all BeanPostProcessors (for example: not eligible for auto-proxying)
2022-03-14 23:03:54.443  INFO 64104 --- [main] trationDelegate$BeanPostProcessorChecker : Bean 'org.springframework.boot.autoconfigure.sql.init.DataSourceInitializationConfiguration' of type [org.springframework.boot.autoconfigure.sql.init.DataSourceInitializationConfiguration] is not eligible for getting processed by all BeanPostProcessors (for example: not eligible for auto-proxying)
2022-03-14 23:03:54.443  INFO 64104 --- [main] trationDelegate$BeanPostProcessorChecker : Bean 'org.springframework.boot.autoconfigure.jdbc.DataSourceConfiguration$Hikari' of type [org.springframework.boot.autoconfigure.jdbc.DataSourceConfiguration$Hikari] is not eligible for getting processed by all BeanPostProcessors (for example: not eligible for auto-proxying)
2022-03-14 23:03:54.447  INFO 64104 --- [main] trationDelegate$BeanPostProcessorChecker : Bean 'org.springframework.cloud.commons.config.CommonsConfigAutoConfiguration' of type [org.springframework.cloud.commons.config.CommonsConfigAutoConfiguration] is not eligible for getting processed by all BeanPostProcessors (for example: not eligible for auto-proxying)
2022-03-14 23:03:54.447  INFO 64104 --- [main] trationDelegate$BeanPostProcessorChecker : Bean 'org.springframework.cloud.client.loadbalancer.LoadBalancerDefaultMappingsProviderAutoConfiguration' of type [org.springframework.cloud.client.loadbalancer.LoadBalancerDefaultMappingsProviderAutoConfiguration] is not eligible for getting processed by all BeanPostProcessors (for example: not eligible for auto-proxying)
2022-03-14 23:03:54.447  INFO 64104 --- [main] trationDelegate$BeanPostProcessorChecker : Bean 'loadBalancerClientsDefaultsMappingsProvider' of type [org.springframework.cloud.client.loadbalancer.LoadBalancerDefaultMappingsProviderAutoConfiguration$$Lambda$457/10958551] is not eligible for getting processed by all BeanPostProcessors (for example: not eligible for auto-proxying)
2022-03-14 23:03:54.451  INFO 64104 --- [main] trationDelegate$BeanPostProcessorChecker : Bean 'defaultsBindHandlerAdvisor' of type [org.springframework.cloud.commons.config.DefaultsBindHandlerAdvisor] is not eligible for getting processed by all BeanPostProcessors (for example: not eligible for auto-proxying)
2022-03-14 23:03:54.463  INFO 64104 --- [main] trationDelegate$BeanPostProcessorChecker : Bean 'spring.datasource-org.springframework.boot.autoconfigure.jdbc.DataSourceProperties' of type [org.springframework.boot.autoconfigure.jdbc.DataSourceProperties] is not eligible for getting processed by all BeanPostProcessors (for example: not eligible for auto-proxying)
2022-03-14 23:03:54.474  INFO 64104 --- [main] trationDelegate$BeanPostProcessorChecker : Bean 'dataSource' of type [com.zaxxer.hikari.HikariDataSource] is not eligible for getting processed by all BeanPostProcessors (for example: not eligible for auto-proxying)
2022-03-14 23:03:54.478  INFO 64104 --- [main] trationDelegate$BeanPostProcessorChecker : Bean 'spring.sql.init-org.springframework.boot.autoconfigure.sql.init.SqlInitializationProperties' of type [org.springframework.boot.autoconfigure.sql.init.SqlInitializationProperties] is not eligible for getting processed by all BeanPostProcessors (for example: not eligible for auto-proxying)
2022-03-14 23:03:54.482  INFO 64104 --- [main] trationDelegate$BeanPostProcessorChecker : Bean 'dataSourceScriptDatabaseInitializer' of type [org.springframework.boot.autoconfigure.sql.init.SqlDataSourceScriptDatabaseInitializer] is not eligible for getting processed by all BeanPostProcessors (for example: not eligible for auto-proxying)
2022-03-14 23:03:54.486  INFO 64104 --- [main] trationDelegate$BeanPostProcessorChecker : Bean 'spring.jpa-org.springframework.boot.autoconfigure.orm.jpa.JpaProperties' of type [org.springframework.boot.autoconfigure.orm.jpa.JpaProperties] is not eligible for getting processed by all BeanPostProcessors (for example: not eligible for auto-proxying)
2022-03-14 23:03:54.486  INFO 64104 --- [main] trationDelegate$BeanPostProcessorChecker : Bean 'spring.jpa.hibernate-org.springframework.boot.autoconfigure.orm.jpa.HibernateProperties' of type [org.springframework.boot.autoconfigure.orm.jpa.HibernateProperties] is not eligible for getting processed by all BeanPostProcessors (for example: not eligible for auto-proxying)
2022-03-14 23:03:54.486  INFO 64104 --- [main] trationDelegate$BeanPostProcessorChecker : Bean 'org.springframework.boot.autoconfigure.jdbc.metadata.DataSourcePoolMetadataProvidersConfiguration$HikariPoolDataSourceMetadataProviderConfiguration' of type [org.springframework.boot.autoconfigure.jdbc.metadata.DataSourcePoolMetadataProvidersConfiguration$HikariPoolDataSourceMetadataProviderConfiguration] is not eligible for getting processed by all BeanPostProcessors (for example: not eligible for auto-proxying)
2022-03-14 23:03:54.490  INFO 64104 --- [main] trationDelegate$BeanPostProcessorChecker : Bean 'hikariPoolDataSourceMetadataProvider' of type [org.springframework.boot.autoconfigure.jdbc.metadata.DataSourcePoolMetadataProvidersConfiguration$HikariPoolDataSourceMetadataProviderConfiguration$$Lambda$469/31110924] is not eligible for getting processed by all BeanPostProcessors (for example: not eligible for auto-proxying)
2022-03-14 23:03:54.490  INFO 64104 --- [main] trationDelegate$BeanPostProcessorChecker : Bean 'org.springframework.boot.autoconfigure.orm.jpa.HibernateJpaConfiguration' of type [org.springframework.boot.autoconfigure.orm.jpa.HibernateJpaConfiguration] is not eligible for getting processed by all BeanPostProcessors (for example: not eligible for auto-proxying)
2022-03-14 23:03:54.521  INFO 64104 --- [main] trationDelegate$BeanPostProcessorChecker : Bean 'jpaVendorAdapter' of type [org.springframework.orm.jpa.vendor.HibernateJpaVendorAdapter] is not eligible for getting processed by all BeanPostProcessors (for example: not eligible for auto-proxying)
2022-03-14 23:03:54.521  INFO 64104 --- [main] trationDelegate$BeanPostProcessorChecker : Bean 'entityManagerFactoryBuilder' of type [org.springframework.boot.orm.jpa.EntityManagerFactoryBuilder] is not eligible for getting processed by all BeanPostProcessors (for example: not eligible for auto-proxying)
2022-03-14 23:03:54.525  INFO 64104 --- [main] com.zaxxer.hikari.HikariDataSource       : HikariPool-1 - Starting...
2022-03-14 23:03:55.068  INFO 64104 --- [main] com.zaxxer.hikari.HikariDataSource       : HikariPool-1 - Start completed.
2022-03-14 23:03:55.100  INFO 64104 --- [main] o.hibernate.jpa.internal.util.LogHelper  : HHH000204: Processing PersistenceUnitInfo [name: default]
2022-03-14 23:03:55.135  INFO 64104 --- [main] org.hibernate.Version                    : HHH000412: Hibernate ORM core version 5.6.5.Final
2022-03-14 23:03:55.279  INFO 64104 --- [main] o.hibernate.annotations.common.Version   : HCANN000001: Hibernate Commons Annotations {5.1.2.Final}
2022-03-14 23:03:55.361  INFO 64104 --- [main] org.hibernate.dialect.Dialect            : HHH000400: Using dialect: org.hibernate.dialect.MySQL57Dialect
2022-03-14 23:03:55.803  INFO 64104 --- [main] o.h.e.t.j.p.i.JtaPlatformInitiator       : HHH000490: Using JtaPlatform implementation: [org.hibernate.engine.transaction.jta.platform.internal.NoJtaPlatform]
2022-03-14 23:03:55.811  INFO 64104 --- [main] j.LocalContainerEntityManagerFactoryBean : Initialized JPA EntityManagerFactory for persistence unit 'default'
2022-03-14 23:03:55.814  INFO 64104 --- [main] trationDelegate$BeanPostProcessorChecker : Bean 'entityManagerFactory' of type [org.springframework.orm.jpa.LocalContainerEntityManagerFactoryBean] is not eligible for getting processed by all BeanPostProcessors (for example: not eligible for auto-proxying)
2022-03-14 23:03:55.814  INFO 64104 --- [main] trationDelegate$BeanPostProcessorChecker : Bean 'entityManagerFactory' of type [com.sun.proxy.$Proxy126] is not eligible for getting processed by all BeanPostProcessors (for example: not eligible for auto-proxying)
2022-03-14 23:03:55.834  INFO 64104 --- [main] trationDelegate$BeanPostProcessorChecker : Bean '(inner bean)#1ba4e06' of type [com.sun.proxy.$Proxy127] is not eligible for getting processed by all BeanPostProcessors (for example: not eligible for auto-proxying)
2022-03-14 23:03:55.846  INFO 64104 --- [main] trationDelegate$BeanPostProcessorChecker : Bean 'jpaMappingContext' of type [org.springframework.data.jpa.repository.config.JpaMetamodelMappingContextFactoryBean] is not eligible for getting processed by all BeanPostProcessors (for example: not eligible for auto-proxying)
2022-03-14 23:03:55.846  INFO 64104 --- [main] trationDelegate$BeanPostProcessorChecker : Bean 'jpaMappingContext' of type [org.springframework.data.jpa.mapping.JpaMetamodelMappingContext] is not eligible for getting processed by all BeanPostProcessors (for example: not eligible for auto-proxying)
2022-03-14 23:03:56.041  INFO 64104 --- [main] trationDelegate$BeanPostProcessorChecker : Bean 'userDao' of type [org.springframework.data.jpa.repository.support.JpaRepositoryFactoryBean] is not eligible for getting processed by all BeanPostProcessors (for example: not eligible for auto-proxying)
2022-03-14 23:03:56.041  INFO 64104 --- [main] trationDelegate$BeanPostProcessorChecker : Bean 'userDao' of type [com.sun.proxy.$Proxy131] is not eligible for getting processed by all BeanPostProcessors (for example: not eligible for auto-proxying)
2022-03-14 23:03:56.045  INFO 64104 --- [main] trationDelegate$BeanPostProcessorChecker : Bean '(inner bean)#830ebd' of type [org.springframework.beans.factory.config.PropertiesFactoryBean] is not eligible for getting processed by all BeanPostProcessors (for example: not eligible for auto-proxying)
2022-03-14 23:03:56.045  INFO 64104 --- [main] trationDelegate$BeanPostProcessorChecker : Bean '(inner bean)#830ebd' of type [java.util.Properties] is not eligible for getting processed by all BeanPostProcessors (for example: not eligible for auto-proxying)
2022-03-14 23:03:56.045  INFO 64104 --- [main] trationDelegate$BeanPostProcessorChecker : Bean '(inner bean)#11b44f' of type [org.springframework.data.repository.core.support.PropertiesBasedNamedQueries] is not eligible for getting processed by all BeanPostProcessors (for example: not eligible for auto-proxying)
2022-03-14 23:03:56.045  INFO 64104 --- [main] trationDelegate$BeanPostProcessorChecker : Bean '(inner bean)#1ad095c' of type [org.springframework.data.repository.core.support.RepositoryFragmentsFactoryBean] is not eligible for getting processed by all BeanPostProcessors (for example: not eligible for auto-proxying)
2022-03-14 23:03:56.045  INFO 64104 --- [main] trationDelegate$BeanPostProcessorChecker : Bean '(inner bean)#1ad095c' of type [org.springframework.data.repository.core.support.RepositoryComposition$RepositoryFragments] is not eligible for getting processed by all BeanPostProcessors (for example: not eligible for auto-proxying)
2022-03-14 23:03:56.049  INFO 64104 --- [main] trationDelegate$BeanPostProcessorChecker : Bean '(inner bean)#4c7e9b' of type [com.sun.proxy.$Proxy127] is not eligible for getting processed by all BeanPostProcessors (for example: not eligible for auto-proxying)
2022-03-14 23:03:56.061  INFO 64104 --- [main] trationDelegate$BeanPostProcessorChecker : Bean 'roleDao' of type [org.springframework.data.jpa.repository.support.JpaRepositoryFactoryBean] is not eligible for getting processed by all BeanPostProcessors (for example: not eligible for auto-proxying)
2022-03-14 23:03:56.061  INFO 64104 --- [main] trationDelegate$BeanPostProcessorChecker : Bean 'roleDao' of type [com.sun.proxy.$Proxy134] is not eligible for getting processed by all BeanPostProcessors (for example: not eligible for auto-proxying)
2022-03-14 23:03:56.061  INFO 64104 --- [main] trationDelegate$BeanPostProcessorChecker : Bean 'userServiceImpl' of type [com.hrm.system.service.impl.UserServiceImpl] is not eligible for getting processed by all BeanPostProcessors (for example: not eligible for auto-proxying)
2022-03-14 23:03:56.064  INFO 64104 --- [main] trationDelegate$BeanPostProcessorChecker : Bean '(inner bean)#13f2c89' of type [org.springframework.beans.factory.config.PropertiesFactoryBean] is not eligible for getting processed by all BeanPostProcessors (for example: not eligible for auto-proxying)
2022-03-14 23:03:56.064  INFO 64104 --- [main] trationDelegate$BeanPostProcessorChecker : Bean '(inner bean)#13f2c89' of type [java.util.Properties] is not eligible for getting processed by all BeanPostProcessors (for example: not eligible for auto-proxying)
2022-03-14 23:03:56.068  INFO 64104 --- [main] trationDelegate$BeanPostProcessorChecker : Bean '(inner bean)#d875d' of type [org.springframework.data.repository.core.support.PropertiesBasedNamedQueries] is not eligible for getting processed by all BeanPostProcessors (for example: not eligible for auto-proxying)
2022-03-14 23:03:56.068  INFO 64104 --- [main] trationDelegate$BeanPostProcessorChecker : Bean '(inner bean)#ce75ec' of type [org.springframework.data.repository.core.support.RepositoryFragmentsFactoryBean] is not eligible for getting processed by all BeanPostProcessors (for example: not eligible for auto-proxying)
2022-03-14 23:03:56.068  INFO 64104 --- [main] trationDelegate$BeanPostProcessorChecker : Bean '(inner bean)#ce75ec' of type [org.springframework.data.repository.core.support.RepositoryComposition$RepositoryFragments] is not eligible for getting processed by all BeanPostProcessors (for example: not eligible for auto-proxying)
2022-03-14 23:03:56.068  INFO 64104 --- [main] trationDelegate$BeanPostProcessorChecker : Bean '(inner bean)#1a35152' of type [com.sun.proxy.$Proxy127] is not eligible for getting processed by all BeanPostProcessors (for example: not eligible for auto-proxying)
2022-03-14 23:03:56.100  INFO 64104 --- [main] trationDelegate$BeanPostProcessorChecker : Bean 'permissionDao' of type [org.springframework.data.jpa.repository.support.JpaRepositoryFactoryBean] is not eligible for getting processed by all BeanPostProcessors (for example: not eligible for auto-proxying)
2022-03-14 23:03:56.100  INFO 64104 --- [main] trationDelegate$BeanPostProcessorChecker : Bean 'permissionDao' of type [com.sun.proxy.$Proxy135] is not eligible for getting processed by all BeanPostProcessors (for example: not eligible for auto-proxying)
2022-03-14 23:03:56.100  INFO 64104 --- [main] trationDelegate$BeanPostProcessorChecker : Bean '(inner bean)#d7e993' of type [org.springframework.beans.factory.config.PropertiesFactoryBean] is not eligible for getting processed by all BeanPostProcessors (for example: not eligible for auto-proxying)
2022-03-14 23:03:56.100  INFO 64104 --- [main] trationDelegate$BeanPostProcessorChecker : Bean '(inner bean)#d7e993' of type [java.util.Properties] is not eligible for getting processed by all BeanPostProcessors (for example: not eligible for auto-proxying)
2022-03-14 23:03:56.100  INFO 64104 --- [main] trationDelegate$BeanPostProcessorChecker : Bean '(inner bean)#6737ff' of type [org.springframework.data.repository.core.support.PropertiesBasedNamedQueries] is not eligible for getting processed by all BeanPostProcessors (for example: not eligible for auto-proxying)
2022-03-14 23:03:56.100  INFO 64104 --- [main] trationDelegate$BeanPostProcessorChecker : Bean '(inner bean)#1e56885' of type [org.springframework.data.repository.core.support.RepositoryFragmentsFactoryBean] is not eligible for getting processed by all BeanPostProcessors (for example: not eligible for auto-proxying)
2022-03-14 23:03:56.100  INFO 64104 --- [main] trationDelegate$BeanPostProcessorChecker : Bean '(inner bean)#1e56885' of type [org.springframework.data.repository.core.support.RepositoryComposition$RepositoryFragments] is not eligible for getting processed by all BeanPostProcessors (for example: not eligible for auto-proxying)
2022-03-14 23:03:56.104  INFO 64104 --- [main] trationDelegate$BeanPostProcessorChecker : Bean '(inner bean)#1f5d4f1' of type [com.sun.proxy.$Proxy127] is not eligible for getting processed by all BeanPostProcessors (for example: not eligible for auto-proxying)
2022-03-14 23:03:56.119  INFO 64104 --- [main] trationDelegate$BeanPostProcessorChecker : Bean 'permissionPointDao' of type [org.springframework.data.jpa.repository.support.JpaRepositoryFactoryBean] is not eligible for getting processed by all BeanPostProcessors (for example: not eligible for auto-proxying)
2022-03-14 23:03:56.119  INFO 64104 --- [main] trationDelegate$BeanPostProcessorChecker : Bean 'permissionPointDao' of type [com.sun.proxy.$Proxy136] is not eligible for getting processed by all BeanPostProcessors (for example: not eligible for auto-proxying)
2022-03-14 23:03:56.123  INFO 64104 --- [main] trationDelegate$BeanPostProcessorChecker : Bean '(inner bean)#dfa824' of type [org.springframework.beans.factory.config.PropertiesFactoryBean] is not eligible for getting processed by all BeanPostProcessors (for example: not eligible for auto-proxying)
2022-03-14 23:03:56.123  INFO 64104 --- [main] trationDelegate$BeanPostProcessorChecker : Bean '(inner bean)#dfa824' of type [java.util.Properties] is not eligible for getting processed by all BeanPostProcessors (for example: not eligible for auto-proxying)
2022-03-14 23:03:56.123  INFO 64104 --- [main] trationDelegate$BeanPostProcessorChecker : Bean '(inner bean)#1fb8301' of type [org.springframework.data.repository.core.support.PropertiesBasedNamedQueries] is not eligible for getting processed by all BeanPostProcessors (for example: not eligible for auto-proxying)
2022-03-14 23:03:56.123  INFO 64104 --- [main] trationDelegate$BeanPostProcessorChecker : Bean '(inner bean)#1df42dd' of type [org.springframework.data.repository.core.support.RepositoryFragmentsFactoryBean] is not eligible for getting processed by all BeanPostProcessors (for example: not eligible for auto-proxying)
2022-03-14 23:03:56.123  INFO 64104 --- [main] trationDelegate$BeanPostProcessorChecker : Bean '(inner bean)#1df42dd' of type [org.springframework.data.repository.core.support.RepositoryComposition$RepositoryFragments] is not eligible for getting processed by all BeanPostProcessors (for example: not eligible for auto-proxying)
2022-03-14 23:03:56.123  INFO 64104 --- [main] trationDelegate$BeanPostProcessorChecker : Bean '(inner bean)#f99d8c' of type [com.sun.proxy.$Proxy127] is not eligible for getting processed by all BeanPostProcessors (for example: not eligible for auto-proxying)
2022-03-14 23:03:56.143  INFO 64104 --- [main] trationDelegate$BeanPostProcessorChecker : Bean 'permissionMenuDao' of type [org.springframework.data.jpa.repository.support.JpaRepositoryFactoryBean] is not eligible for getting processed by all BeanPostProcessors (for example: not eligible for auto-proxying)
2022-03-14 23:03:56.143  INFO 64104 --- [main] trationDelegate$BeanPostProcessorChecker : Bean 'permissionMenuDao' of type [com.sun.proxy.$Proxy137] is not eligible for getting processed by all BeanPostProcessors (for example: not eligible for auto-proxying)
2022-03-14 23:03:56.143  INFO 64104 --- [main] trationDelegate$BeanPostProcessorChecker : Bean '(inner bean)#18be7b9' of type [org.springframework.beans.factory.config.PropertiesFactoryBean] is not eligible for getting processed by all BeanPostProcessors (for example: not eligible for auto-proxying)
2022-03-14 23:03:56.143  INFO 64104 --- [main] trationDelegate$BeanPostProcessorChecker : Bean '(inner bean)#18be7b9' of type [java.util.Properties] is not eligible for getting processed by all BeanPostProcessors (for example: not eligible for auto-proxying)
2022-03-14 23:03:56.143  INFO 64104 --- [main] trationDelegate$BeanPostProcessorChecker : Bean '(inner bean)#40265c' of type [org.springframework.data.repository.core.support.PropertiesBasedNamedQueries] is not eligible for getting processed by all BeanPostProcessors (for example: not eligible for auto-proxying)
2022-03-14 23:03:56.143  INFO 64104 --- [main] trationDelegate$BeanPostProcessorChecker : Bean '(inner bean)#a0dbca' of type [org.springframework.data.repository.core.support.RepositoryFragmentsFactoryBean] is not eligible for getting processed by all BeanPostProcessors (for example: not eligible for auto-proxying)
2022-03-14 23:03:56.143  INFO 64104 --- [main] trationDelegate$BeanPostProcessorChecker : Bean '(inner bean)#a0dbca' of type [org.springframework.data.repository.core.support.RepositoryComposition$RepositoryFragments] is not eligible for getting processed by all BeanPostProcessors (for example: not eligible for auto-proxying)
2022-03-14 23:03:56.147  INFO 64104 --- [main] trationDelegate$BeanPostProcessorChecker : Bean '(inner bean)#11a0b3e' of type [com.sun.proxy.$Proxy127] is not eligible for getting processed by all BeanPostProcessors (for example: not eligible for auto-proxying)
2022-03-14 23:03:56.162  INFO 64104 --- [main] trationDelegate$BeanPostProcessorChecker : Bean 'permissionApiDao' of type [org.springframework.data.jpa.repository.support.JpaRepositoryFactoryBean] is not eligible for getting processed by all BeanPostProcessors (for example: not eligible for auto-proxying)
2022-03-14 23:03:56.162  INFO 64104 --- [main] trationDelegate$BeanPostProcessorChecker : Bean 'permissionApiDao' of type [com.sun.proxy.$Proxy138] is not eligible for getting processed by all BeanPostProcessors (for example: not eligible for auto-proxying)
2022-03-14 23:03:56.162  INFO 64104 --- [main] trationDelegate$BeanPostProcessorChecker : Bean 'permissionServiceImpl' of type [com.hrm.system.service.impl.PermissionServiceImpl] is not eligible for getting processed by all BeanPostProcessors (for example: not eligible for auto-proxying)
2022-03-14 23:03:56.174  INFO 64104 --- [main] trationDelegate$BeanPostProcessorChecker : Bean 'getRealm' of type [com.hrm.system.shiro.realm.UserRealm] is not eligible for getting processed by all BeanPostProcessors (for example: not eligible for auto-proxying)
2022-03-14 23:03:56.198  INFO 64104 --- [main] trationDelegate$BeanPostProcessorChecker : Bean 'getSecurityManager' of type [org.apache.shiro.web.mgt.DefaultWebSecurityManager] is not eligible for getting processed by all BeanPostProcessors (for example: not eligible for auto-proxying)
2022-03-14 23:03:56.205  INFO 64104 --- [main] trationDelegate$BeanPostProcessorChecker : Bean 'authorizationAttributeSourceAdvisor' of type [org.apache.shiro.spring.security.interceptor.AuthorizationAttributeSourceAdvisor] is not eligible for getting processed by all BeanPostProcessors (for example: not eligible for auto-proxying)
2022-03-14 23:03:56.405  INFO 64104 --- [main] o.s.b.w.embedded.tomcat.TomcatWebServer  : Tomcat initialized with port(s): 9002 (http)
2022-03-14 23:03:56.409  INFO 64104 --- [main] o.apache.catalina.core.StandardService   : Starting service [Tomcat]
2022-03-14 23:03:56.409  INFO 64104 --- [main] org.apache.catalina.core.StandardEngine  : Starting Servlet engine: [Apache Tomcat/9.0.58]
2022-03-14 23:03:56.534  INFO 64104 --- [main] o.a.c.c.C.[Tomcat].[localhost].[/]       : Initializing Spring embedded WebApplicationContext
2022-03-14 23:03:56.534  INFO 64104 --- [main] w.s.c.ServletWebServerApplicationContext : Root WebApplicationContext: initialization completed in 3447 ms
2022-03-14 23:03:56.831  INFO 64104 --- [main] pertySourcedRequestMappingHandlerMapping : Mapped URL path [/v2/api-docs] onto method [springfox.documentation.swagger2.web.Swagger2Controller#getDocumentation(String, HttpServletRequest)]
2022-03-14 23:03:57.567  INFO 64104 --- [main] DiscoveryClientOptionalArgsConfiguration : Eureka HTTP Client uses RestTemplate.
2022-03-14 23:03:58.032  WARN 64104 --- [main] iguration$LoadBalancerCaffeineWarnLogger : Spring Cloud LoadBalancer is currently working with the default cache. While this cache implementation is useful for development and tests, it's recommended to use Caffeine cache in production.You can switch to using Caffeine cache, by adding it and org.springframework.cache.caffeine.CaffeineCacheManager to the classpath.
2022-03-14 23:03:58.091  INFO 64104 --- [main] o.s.c.n.eureka.InstanceInfoFactory       : Setting initial instance status as: STARTING
2022-03-14 23:03:58.106  INFO 64104 --- [main] com.netflix.discovery.DiscoveryClient    : Initializing Eureka in region us-east-1
2022-03-14 23:03:58.110  INFO 64104 --- [main] c.n.d.s.r.aws.ConfigClusterResolver      : Resolving eureka endpoints via configuration
2022-03-14 23:03:58.126  INFO 64104 --- [main] com.netflix.discovery.DiscoveryClient    : Disable delta property : false
2022-03-14 23:03:58.126  INFO 64104 --- [main] com.netflix.discovery.DiscoveryClient    : Single vip registry refresh property : null
2022-03-14 23:03:58.126  INFO 64104 --- [main] com.netflix.discovery.DiscoveryClient    : Force full registry fetch : false
2022-03-14 23:03:58.126  INFO 64104 --- [main] com.netflix.discovery.DiscoveryClient    : Application is null : false
2022-03-14 23:03:58.126  INFO 64104 --- [main] com.netflix.discovery.DiscoveryClient    : Registered Applications size is zero : true
2022-03-14 23:03:58.126  INFO 64104 --- [main] com.netflix.discovery.DiscoveryClient    : Application version is -1: true
2022-03-14 23:03:58.126  INFO 64104 --- [main] com.netflix.discovery.DiscoveryClient    : Getting all instance registry info from the eureka server
2022-03-14 23:03:58.298  INFO 64104 --- [main] com.netflix.discovery.DiscoveryClient    : The response status is 200
2022-03-14 23:03:58.302  INFO 64104 --- [main] com.netflix.discovery.DiscoveryClient    : Starting heartbeat executor: renew interval is: 30
2022-03-14 23:03:58.302  INFO 64104 --- [main] c.n.discovery.InstanceInfoReplicator     : InstanceInfoReplicator onDemand update allowed rate per min is 4
2022-03-14 23:03:58.306  INFO 64104 --- [main] com.netflix.discovery.DiscoveryClient    : Discovery Client initialized at timestamp 1647270238306 with initial instances count: 1
2022-03-14 23:03:58.309  INFO 64104 --- [main] o.s.c.n.e.s.EurekaServiceRegistry        : Registering application HRM-SYSTEM with eureka with status UP
2022-03-14 23:03:58.309  INFO 64104 --- [main] com.netflix.discovery.DiscoveryClient    : Saw local status change event StatusChangeEvent [timestamp=1647270238309, current=UP, previous=STARTING]
2022-03-14 23:03:58.309  INFO 64104 --- [DiscoveryClient-InstanceInfoReplicator-0] com.netflix.discovery.DiscoveryClient    : DiscoveryClient_HRM-SYSTEM/LAPTOP-QBA04265:hrm-system:9002: registering service...
2022-03-14 23:03:58.399  INFO 64104 --- [main] o.s.b.w.embedded.tomcat.TomcatWebServer  : Tomcat started on port(s): 9002 (http) with context path ''
2022-03-14 23:03:58.403  INFO 64104 --- [main] .s.c.n.e.s.EurekaAutoServiceRegistration : Updating port to 9002
2022-03-14 23:03:58.419  INFO 64104 --- [DiscoveryClient-InstanceInfoReplicator-0] com.netflix.discovery.DiscoveryClient    : DiscoveryClient_HRM-SYSTEM/LAPTOP-QBA04265:hrm-system:9002 - registration status: 204
2022-03-14 23:03:58.845  INFO 64104 --- [main] d.s.w.p.DocumentationPluginsBootstrapper : Context refreshed
2022-03-14 23:03:58.856  INFO 64104 --- [main] d.s.w.p.DocumentationPluginsBootstrapper : Found 1 custom documentation plugin(s)
2022-03-14 23:03:58.884  INFO 64104 --- [main] s.d.s.w.s.ApiListingReferenceScanner     : Scanning for api listing references
2022-03-14 23:03:58.958  INFO 64104 --- [main] .d.s.w.r.o.CachingOperationNameGenerator : Generating unique operation named: deleteUsingDELETE_1
2022-03-14 23:03:58.962  INFO 64104 --- [main] .d.s.w.r.o.CachingOperationNameGenerator : Generating unique operation named: findAllUsingGET_1
2022-03-14 23:03:58.962  INFO 64104 --- [main] .d.s.w.r.o.CachingOperationNameGenerator : Generating unique operation named: findByIdUsingGET_1
2022-03-14 23:03:58.966  INFO 64104 --- [main] .d.s.w.r.o.CachingOperationNameGenerator : Generating unique operation named: saveUsingPOST_1
2022-03-14 23:03:58.970  INFO 64104 --- [main] .d.s.w.r.o.CachingOperationNameGenerator : Generating unique operation named: updateUsingPUT_1
2022-03-14 23:03:58.973  INFO 64104 --- [main] .d.s.w.r.o.CachingOperationNameGenerator : Generating unique operation named: deleteUsingDELETE_2
2022-03-14 23:03:58.973  INFO 64104 --- [main] .d.s.w.r.o.CachingOperationNameGenerator : Generating unique operation named: findAllUsingGET_2
2022-03-14 23:03:58.973  INFO 64104 --- [main] .d.s.w.r.o.CachingOperationNameGenerator : Generating unique operation named: findByIdUsingGET_2
2022-03-14 23:03:58.985  INFO 64104 --- [main] .d.s.w.r.o.CachingOperationNameGenerator : Generating unique operation named: saveUsingPOST_2
2022-03-14 23:03:58.985  INFO 64104 --- [main] .d.s.w.r.o.CachingOperationNameGenerator : Generating unique operation named: updateUsingPUT_2
2022-03-14 23:03:59.001  INFO 64104 --- [main] com.hrm.system.SystemApplication         : Started SystemApplication in 6.985 seconds (JVM running for 7.978)
2022-03-14 23:08:29.524  INFO 46768 --- [AsyncResolver-bootstrap-executor-0] c.n.d.s.r.aws.ConfigClusterResolver      : Resolving eureka endpoints via configuration
2022-03-14 23:08:58.128  INFO 64104 --- [AsyncResolver-bootstrap-executor-0] c.n.d.s.r.aws.ConfigClusterResolver      : Resolving eureka endpoints via configuration
2022-03-14 23:13:29.530  INFO 46768 --- [AsyncResolver-bootstrap-executor-0] c.n.d.s.r.aws.ConfigClusterResolver      : Resolving eureka endpoints via configuration
2022-03-14 23:13:58.133  INFO 64104 --- [AsyncResolver-bootstrap-executor-0] c.n.d.s.r.aws.ConfigClusterResolver      : Resolving eureka endpoints via configuration
2022-03-14 23:18:29.533  INFO 46768 --- [AsyncResolver-bootstrap-executor-0] c.n.d.s.r.aws.ConfigClusterResolver      : Resolving eureka endpoints via configuration
2022-03-14 23:18:58.137  INFO 64104 --- [AsyncResolver-bootstrap-executor-0] c.n.d.s.r.aws.ConfigClusterResolver      : Resolving eureka endpoints via configuration
2022-03-14 23:20:52.618  INFO 64104 --- [http-nio-9002-exec-1] o.a.c.c.C.[Tomcat].[localhost].[/]       : Initializing Spring DispatcherServlet 'dispatcherServlet'
2022-03-14 23:20:52.618  INFO 64104 --- [http-nio-9002-exec-1] o.s.web.servlet.DispatcherServlet        : Initializing Servlet 'dispatcherServlet'
2022-03-14 23:20:52.620  INFO 64104 --- [http-nio-9002-exec-1] o.s.web.servlet.DispatcherServlet        : Completed initialization in 1 ms
2022-03-14 23:20:52.650  INFO 64104 --- [http-nio-9002-exec-1] a.s.s.m.AbstractValidatingSessionManager : Enabling session validation scheduler...
2022-03-14 23:23:29.535  INFO 46768 --- [AsyncResolver-bootstrap-executor-0] c.n.d.s.r.aws.ConfigClusterResolver      : Resolving eureka endpoints via configuration
2022-03-14 23:23:58.139  INFO 64104 --- [AsyncResolver-bootstrap-executor-0] c.n.d.s.r.aws.ConfigClusterResolver      : Resolving eureka endpoints via configuration
2022-03-14 23:24:27.033  INFO 46768 --- [http-nio-9003-exec-1] o.a.c.c.C.[Tomcat].[localhost].[/]       : Initializing Spring DispatcherServlet 'dispatcherServlet'
2022-03-14 23:24:27.033  INFO 46768 --- [http-nio-9003-exec-1] o.s.web.servlet.DispatcherServlet        : Initializing Servlet 'dispatcherServlet'
2022-03-14 23:24:27.034  INFO 46768 --- [http-nio-9003-exec-1] o.s.web.servlet.DispatcherServlet        : Completed initialization in 1 ms
2022-03-14 23:24:27.044  INFO 46768 --- [http-nio-9003-exec-1] a.s.s.m.AbstractValidatingSessionManager : Enabling session validation scheduler...
